C:\WORKINGAREA\PROGRAMAçãO CONCURRENTE\SERIE01\TIMINGTHREADS\DEBUG\TIMINGTHREADSCPP.EXE
C:\WORKINGAREA\PROGRAMAçãO CONCURRENTE\SERIE01\TIMINGTHREADS\DEBUG\TIMINGTHREADSCPP.ILK
C:\WORKINGAREA\PROGRAMAÇÃO CONCURRENTE\SERIE01\TIMINGTHREADS\DEBUG\TIMINGTHREADSCPP.PDB
C:\WORKINGAREA\PROGRAMAçãO CONCURRENTE\SERIE01\TIMINGTHREADS\TIMINGTHREADSCPP\DEBUG\.NETFRAMEWORK,VERSION=V4.0.ASSEMBLYATTRIBUTES.OBJ
C:\WORKINGAREA\PROGRAMAçãO CONCURRENTE\SERIE01\TIMINGTHREADS\TIMINGTHREADSCPP\DEBUG\APP.RES
C:\WORKINGAREA\PROGRAMAÇÃO CONCURRENTE\SERIE01\TIMINGTHREADS\TIMINGTHREADSCPP\DEBUG\ASSEMBLYINFO.OBJ
C:\WorkingArea\Programação Concurrente\Serie01\TimingThreads\TimingThreadsCPP\Debug\cl.command.1.tlog
C:\WorkingArea\Programação Concurrente\Serie01\TimingThreads\TimingThreadsCPP\Debug\CL.read.1.tlog
C:\WorkingArea\Programação Concurrente\Serie01\TimingThreads\TimingThreadsCPP\Debug\CL.write.1.tlog
C:\WorkingArea\Programação Concurrente\Serie01\TimingThreads\TimingThreadsCPP\Debug\link.4208.read.1.tlog
C:\WorkingArea\Programação Concurrente\Serie01\TimingThreads\TimingThreadsCPP\Debug\link.4208.write.1.tlog
C:\WorkingArea\Programação Concurrente\Serie01\TimingThreads\TimingThreadsCPP\Debug\link.4208-cvtres.read.1.tlog
C:\WorkingArea\Programação Concurrente\Serie01\TimingThreads\TimingThreadsCPP\Debug\link.4208-cvtres.write.1.tlog
C:\WorkingArea\Programação Concurrente\Serie01\TimingThreads\TimingThreadsCPP\Debug\link.4852.read.1.tlog
C:\WorkingArea\Programação Concurrente\Serie01\TimingThreads\TimingThreadsCPP\Debug\link.4852.write.1.tlog
C:\WorkingArea\Programação Concurrente\Serie01\TimingThreads\TimingThreadsCPP\Debug\link.4852-cvtres.read.1.tlog
C:\WorkingArea\Programação Concurrente\Serie01\TimingThreads\TimingThreadsCPP\Debug\link.4852-cvtres.write.1.tlog
C:\WorkingArea\Programação Concurrente\Serie01\TimingThreads\TimingThreadsCPP\Debug\link.5788.read.1.tlog
C:\WorkingArea\Programação Concurrente\Serie01\TimingThreads\TimingThreadsCPP\Debug\link.5788.write.1.tlog
C:\WorkingArea\Programação Concurrente\Serie01\TimingThreads\TimingThreadsCPP\Debug\link.5788-cvtres.read.1.tlog
C:\WorkingArea\Programação Concurrente\Serie01\TimingThreads\TimingThreadsCPP\Debug\link.5788-cvtres.write.1.tlog
C:\WorkingArea\Programação Concurrente\Serie01\TimingThreads\TimingThreadsCPP\Debug\link.command.1.tlog
C:\WorkingArea\Programação Concurrente\Serie01\TimingThreads\TimingThreadsCPP\Debug\link.read.1.tlog
C:\WorkingArea\Programação Concurrente\Serie01\TimingThreads\TimingThreadsCPP\Debug\link.write.1.tlog
C:\WorkingArea\Programação Concurrente\Serie01\TimingThreads\TimingThreadsCPP\Debug\metagen.read.1.tlog
C:\WorkingArea\Programação Concurrente\Serie01\TimingThreads\TimingThreadsCPP\Debug\metagen.write.1.tlog
C:\WorkingArea\Programação Concurrente\Serie01\TimingThreads\TimingThreadsCPP\Debug\mt.command.1.tlog
C:\WorkingArea\Programação Concurrente\Serie01\TimingThreads\TimingThreadsCPP\Debug\mt.read.1.tlog
C:\WorkingArea\Programação Concurrente\Serie01\TimingThreads\TimingThreadsCPP\Debug\mt.write.1.tlog
C:\WorkingArea\Programação Concurrente\Serie01\TimingThreads\TimingThreadsCPP\Debug\rc.command.1.tlog
C:\WorkingArea\Programação Concurrente\Serie01\TimingThreads\TimingThreadsCPP\Debug\rc.read.1.tlog
C:\WorkingArea\Programação Concurrente\Serie01\TimingThreads\TimingThreadsCPP\Debug\rc.write.1.tlog
C:\WorkingArea\Programação Concurrente\Serie01\TimingThreads\TimingThreadsCPP\Debug\RSAENH.DLL.bi
C:\WORKINGAREA\PROGRAMAçãO CONCURRENTE\SERIE01\TIMINGTHREADS\TIMINGTHREADSCPP\DEBUG\STDAFX.OBJ
C:\WORKINGAREA\PROGRAMAçãO CONCURRENTE\SERIE01\TIMINGTHREADS\TIMINGTHREADSCPP\DEBUG\TIMINGTHREADSCPP.EXE.INTERMEDIATE.MANIFEST
C:\WORKINGAREA\PROGRAMAçãO CONCURRENTE\SERIE01\TIMINGTHREADS\TIMINGTHREADSCPP\DEBUG\TIMINGTHREADSCPP.OBJ
C:\WORKINGAREA\PROGRAMAçãO CONCURRENTE\SERIE01\TIMINGTHREADS\TIMINGTHREADSCPP\DEBUG\TIMINGTHREADSCPP.PCH
C:\WorkingArea\Programação Concurrente\Serie01\TimingThreads\TimingThreadsCPP\Debug\TimingThreadsCPP.write.1.tlog
C:\WorkingArea\Programação Concurrente\Serie01\TimingThreads\TimingThreadsCPP\Debug\TZRES.DLL.bi
C:\WORKINGAREA\PROGRAMAÇÃO CONCURRENTE\SERIE01\TIMINGTHREADS\TIMINGTHREADSCPP\DEBUG\VC100.PDB
