Build started 16-11-2011 17:29:42.
     1>Project "C:\WorkingArea\Programação Concurrente\Serie01\TimingThreads\TimingThreadsCPP\TimingThreadsCPP.vcxproj" on node 2 (build target(s)).
     1>InitializeBuildStatus:
         Creating "Debug\TimingThreadsCPP.unsuccessfulbuild" because "AlwaysCreate" was specified.
       GenerateTargetFrameworkMonikerAttribute:
       Skipping target "GenerateTargetFrameworkMonikerAttribute" because all output files are up-to-date with respect to the input files.
       ClCompile:
         All outputs are up-to-date.
         c:\Program Files (x86)\Microsoft Visual Studio 10.0\VC\bin\CL.exe /c /AI"C:\Program Files (x86)\Reference Assemblies\Microsoft\Framework\.NETFramework\v4.0" /Zi /clr /nologo /W3 /WX- /Od /Oy- /D WIN32 /D _DEBUG /D _UNICODE /D UNICODE /EHa /MDd /GS /fp:precise /Zc:wchar_t /Zc:forScope /Fo"Debug\\" /Fd"Debug\vc100.pdb" /TP /FU"C:\Program Files (x86)\Reference Assemblies\Microsoft\Framework\.NETFramework\v4.0\System.Core.dll" /FU"C:\Program Files (x86)\Reference Assemblies\Microsoft\Framework\.NETFramework\v4.0\System.Data.dll" /FU"C:\Program Files (x86)\Reference Assemblies\Microsoft\Framework\.NETFramework\v4.0\System.dll" /FU"C:\Program Files (x86)\Reference Assemblies\Microsoft\Framework\.NETFramework\v4.0\System.Xml.dll" /analyze- /errorReport:prompt TimingThreadsCPP.cpp /clr:nostdlib 
         TimingThreadsCPP.cpp
     1>c:\workingarea\programação concurrente\serie01\timingthreads\timingthreadscpp\timingthreadscpp.cpp(27): warning C4793: 'Delegate' : function compiled as native :
         	Found an intrinsic not supported in managed code
     1>c:\workingarea\programação concurrente\serie01\timingthreads\timingthreadscpp\timingthreadscpp.cpp(36): warning C4793: 'Delegate' : function compiled as native :
         	Found an intrinsic not supported in managed code
         All outputs are up-to-date.
       ResourceCompile:
         All outputs are up-to-date.
       Link:
         c:\Program Files (x86)\Microsoft Visual Studio 10.0\VC\bin\link.exe /ERRORREPORT:PROMPT /OUT:"C:\WorkingArea\Programação Concurrente\Serie01\TimingThreads\Debug\TimingThreadsCPP.exe" /INCREMENTAL /NOLOGO /MANIFEST /ManifestFile:"Debug\TimingThreadsCPP.exe.intermediate.manifest" /MANIFESTUAC:"level='asInvoker' uiAccess='false'" /DEBUG /PDB:"C:\WorkingArea\Programação Concurrente\Serie01\TimingThreads\Debug\TimingThreadsCPP.pdb" /ASSEMBLYDEBUG /TLBID:1 /DYNAMICBASE /FIXED:NO /NXCOMPAT /MACHINE:X86 Debug\app.res
         Debug\AssemblyInfo.obj
         Debug\stdafx.obj
         Debug\TimingThreadsCPP.obj
         "Debug\.NETFramework,Version=v4.0.AssemblyAttributes.obj"
         TimingThreadsCPP.vcxproj -> C:\WorkingArea\Programação Concurrente\Serie01\TimingThreads\Debug\TimingThreadsCPP.exe
       Manifest:
         C:\Program Files (x86)\Microsoft SDKs\Windows\v7.0A\bin\mt.exe /nologo /verbose /outputresource:"C:\WorkingArea\Programação Concurrente\Serie01\TimingThreads\Debug\TimingThreadsCPP.exe;#1" /manifest Debug\TimingThreadsCPP.exe.intermediate.manifest
       FinalizeBuildStatus:
         Deleting file "Debug\TimingThreadsCPP.unsuccessfulbuild".
         Touching "Debug\TimingThreadsCPP.lastbuildstate".
     1>Done Building Project "C:\WorkingArea\Programação Concurrente\Serie01\TimingThreads\TimingThreadsCPP\TimingThreadsCPP.vcxproj" (build target(s)).

Build succeeded.

Time Elapsed 00:00:07.81
